  DebugLine.cpp
  Mesh.cpp
  MeshCube.cpp
  MeshCylinder.cpp
c:\users\utm97\desktop\github\directx_class\054_modelinstancing\framework\framework.h(26): fatal error C1083: 포함 파일을 열 수 없습니다. 'd3dx11effect.h': No such file or directory (소스 파일 컴파일 중 Draw\MeshCylinder.cpp)
c:\users\utm97\desktop\github\directx_class\054_modelinstancing\framework\framework.h(26): fatal error C1083: 포함 파일을 열 수 없습니다. 'd3dx11effect.h': No such file or directory (소스 파일 컴파일 중 Draw\Mesh.cpp)
c:\users\utm97\desktop\github\directx_class\054_modelinstancing\framework\framework.h(26): fatal error C1083: 포함 파일을 열 수 없습니다. 'd3dx11effect.h': No such file or directory (소스 파일 컴파일 중 Draw\MeshCube.cpp)
  MeshGrid.cpp
  MeshQuad.cpp
  MeshSphere.cpp
c:\users\utm97\desktop\github\directx_class\054_modelinstancing\framework\framework.h(26): fatal error C1083: 포함 파일을 열 수 없습니다. 'd3dx11effect.h': No such file or directory (소스 파일 컴파일 중 Draw\DebugLine.cpp)
  CubeSky.cpp
c:\users\utm97\desktop\github\directx_class\054_modelinstancing\framework\framework.h(26): fatal error C1083: 포함 파일을 열 수 없습니다. 'd3dx11effect.h': No such file or directory (소스 파일 컴파일 중 Draw\MeshGrid.cpp)
c:\users\utm97\desktop\github\directx_class\054_modelinstancing\framework\framework.h(26): fatal error C1083: 포함 파일을 열 수 없습니다. 'd3dx11effect.h': No such file or directory (소스 파일 컴파일 중 Draw\MeshQuad.cpp)
  Sky.cpp
  Terrain.cpp
c:\users\utm97\desktop\github\directx_class\054_modelinstancing\framework\framework.h(26): fatal error C1083: 포함 파일을 열 수 없습니다. 'd3dx11effect.h': No such file or directory (소스 파일 컴파일 중 Draw\MeshSphere.cpp)
  Model.cpp
c:\users\utm97\desktop\github\directx_class\054_modelinstancing\framework\framework.h(26): fatal error C1083: 포함 파일을 열 수 없습니다. 'd3dx11effect.h': No such file or directory (소스 파일 컴파일 중 Environment\CubeSky.cpp)
  ModelBone.cpp
c:\users\utm97\desktop\github\directx_class\054_modelinstancing\framework\framework.h(26): fatal error C1083: 포함 파일을 열 수 없습니다. 'd3dx11effect.h': No such file or directory (소스 파일 컴파일 중 Environment\Sky.cpp)
c:\users\utm97\desktop\github\directx_class\054_modelinstancing\framework\framework.h(26): fatal error C1083: 포함 파일을 열 수 없습니다. 'd3dx11effect.h': No such file or directory (소스 파일 컴파일 중 Environment\Terrain.cpp)
  ModelClip.cpp
  ModelInstance.cpp
c:\users\utm97\desktop\github\directx_class\054_modelinstancing\framework\framework.h(26): fatal error C1083: 포함 파일을 열 수 없습니다. 'd3dx11effect.h': No such file or directory (소스 파일 컴파일 중 Model\Model.cpp)
  ModelMesh.cpp
c:\users\utm97\desktop\github\directx_class\054_modelinstancing\framework\framework.h(26): fatal error C1083: 포함 파일을 열 수 없습니다. 'd3dx11effect.h': No such file or directory (소스 파일 컴파일 중 Model\ModelBone.cpp)
  ModelMeshPart.cpp
c:\users\utm97\desktop\github\directx_class\054_modelinstancing\framework\framework.h(26): fatal error C1083: 포함 파일을 열 수 없습니다. 'd3dx11effect.h': No such file or directory (소스 파일 컴파일 중 Model\ModelInstance.cpp)
  ModelReader.cpp
c:\users\utm97\desktop\github\directx_class\054_modelinstancing\framework\framework.h(26): fatal error C1083: 포함 파일을 열 수 없습니다. 'd3dx11effect.h': No such file or directory (소스 파일 컴파일 중 Model\ModelClip.cpp)
  CBuffer.cpp
c:\users\utm97\desktop\github\directx_class\054_modelinstancing\framework\framework.h(26): fatal error C1083: 포함 파일을 열 수 없습니다. 'd3dx11effect.h': No such file or directory (소스 파일 컴파일 중 Model\ModelMesh.cpp)
  Context.cpp
c:\users\utm97\desktop\github\directx_class\054_modelinstancing\framework\framework.h(26): fatal error C1083: 포함 파일을 열 수 없습니다. 'd3dx11effect.h': No such file or directory (소스 파일 컴파일 중 Model\ModelMeshPart.cpp)
  CsResource.cpp
c:\users\utm97\desktop\github\directx_class\054_modelinstancing\framework\framework.h(26): fatal error C1083: 포함 파일을 열 수 없습니다. 'd3dx11effect.h': No such file or directory (소스 파일 컴파일 중 Model\ModelReader.cpp)
c:\users\utm97\desktop\github\directx_class\054_modelinstancing\framework\framework.h(26): fatal error C1083: 포함 파일을 열 수 없습니다. 'd3dx11effect.h': No such file or directory (소스 파일 컴파일 중 Renders\CBuffer.cpp)
  Material.cpp
  Progress.cpp
c:\users\utm97\desktop\github\directx_class\054_modelinstancing\framework\framework.h(26): fatal error C1083: 포함 파일을 열 수 없습니다. 'd3dx11effect.h': No such file or directory (소스 파일 컴파일 중 Renders\Context.cpp)
  Render2D.cpp
c:\users\utm97\desktop\github\directx_class\054_modelinstancing\framework\framework.h(26): fatal error C1083: 포함 파일을 열 수 없습니다. 'd3dx11effect.h': No such file or directory (소스 파일 컴파일 중 Renders\CsResource.cpp)
  Shader.cpp
c:\users\utm97\desktop\github\directx_class\054_modelinstancing\framework\framework.h(26): fatal error C1083: 포함 파일을 열 수 없습니다. 'd3dx11effect.h': No such file or directory (소스 파일 컴파일 중 Renders\Material.cpp)
c:\users\utm97\desktop\github\directx_class\054_modelinstancing\framework\framework.h(26): fatal error C1083: 포함 파일을 열 수 없습니다. 'd3dx11effect.h': No such file or directory (소스 파일 컴파일 중 Renders\Progress.cpp)
  Texture.cpp
  D3D.cpp
c:\users\utm97\desktop\github\directx_class\054_modelinstancing\framework\framework.h(26): fatal error C1083: 포함 파일을 열 수 없습니다. 'd3dx11effect.h': No such file or directory (소스 파일 컴파일 중 Renders\Render2D.cpp)
  Gui.cpp
c:\users\utm97\desktop\github\directx_class\054_modelinstancing\framework\framework.h(26): fatal error C1083: 포함 파일을 열 수 없습니다. 'd3dx11effect.h': No such file or directory (소스 파일 컴파일 중 Renders\Shader.cpp)
  Keyboard.cpp
c:\users\utm97\desktop\github\directx_class\054_modelinstancing\framework\framework.h(26): fatal error C1083: 포함 파일을 열 수 없습니다. 'd3dx11effect.h': No such file or directory (소스 파일 컴파일 중 Renders\Texture.cpp)
  Mouse.cpp
c:\users\utm97\desktop\github\directx_class\054_modelinstancing\framework\framework.h(26): fatal error C1083: 포함 파일을 열 수 없습니다. 'd3dx11effect.h': No such file or directory (소스 파일 컴파일 중 Systems\D3D.cpp)
  Time.cpp
c:\users\utm97\desktop\github\directx_class\054_modelinstancing\framework\framework.h(26): fatal error C1083: 포함 파일을 열 수 없습니다. 'd3dx11effect.h': No such file or directory (소스 파일 컴파일 중 Systems\Gui.cpp)
  Widget.cpp
c:\users\utm97\desktop\github\directx_class\054_modelinstancing\framework\framework.h(26): fatal error C1083: 포함 파일을 열 수 없습니다. 'd3dx11effect.h': No such file or directory (소스 파일 컴파일 중 Systems\Keyboard.cpp)
  Window.cpp
c:\users\utm97\desktop\github\directx_class\054_modelinstancing\framework\framework.h(26): fatal error C1083: 포함 파일을 열 수 없습니다. 'd3dx11effect.h': No such file or directory (소스 파일 컴파일 중 Systems\Mouse.cpp)
  BinaryFile.cpp
c:\users\utm97\desktop\github\directx_class\054_modelinstancing\framework\framework.h(26): fatal error C1083: 포함 파일을 열 수 없습니다. 'd3dx11effect.h': No such file or directory (소스 파일 컴파일 중 Systems\Time.cpp)
  Math.cpp
c:\users\utm97\desktop\github\directx_class\054_modelinstancing\framework\framework.h(26): fatal error C1083: 포함 파일을 열 수 없습니다. 'd3dx11effect.h': No such file or directory (소스 파일 컴파일 중 Systems\Widget.cpp)
  Path.cpp
c:\users\utm97\desktop\github\directx_class\054_modelinstancing\framework\framework.h(26): fatal error C1083: 포함 파일을 열 수 없습니다. 'd3dx11effect.h': No such file or directory (소스 파일 컴파일 중 Systems\Window.cpp)
  String.cpp
c:\users\utm97\desktop\github\directx_class\054_modelinstancing\framework\framework.h(26): fatal error C1083: 포함 파일을 열 수 없습니다. 'd3dx11effect.h': No such file or directory (소스 파일 컴파일 중 Utilities\Math.cpp)
c:\users\utm97\desktop\github\directx_class\054_modelinstancing\framework\framework.h(26): fatal error C1083: 포함 파일을 열 수 없습니다. 'd3dx11effect.h': No such file or directory (소스 파일 컴파일 중 Utilities\BinaryFile.cpp)
  Xml.cpp
  Camera.cpp
c:\users\utm97\desktop\github\directx_class\054_modelinstancing\framework\framework.h(26): fatal error C1083: 포함 파일을 열 수 없습니다. 'd3dx11effect.h': No such file or directory (소스 파일 컴파일 중 Utilities\Path.cpp)
  DepthStencilView.cpp
c:\users\utm97\desktop\github\directx_class\054_modelinstancing\framework\framework.h(26): fatal error C1083: 포함 파일을 열 수 없습니다. 'd3dx11effect.h': No such file or directory (소스 파일 컴파일 중 Utilities\String.cpp)
  Fixity.cpp
