  Cloud.cpp
  CubeSky.cpp
  Moon.cpp
  Scattering.cpp
  Sky.cpp
  SkyDome.cpp
  Terrain.cpp
  Mesh.cpp
  MeshCube.cpp
  MeshCylinder.cpp
  MeshGrid.cpp
  MeshQuad.cpp
  MeshSphere.cpp
  CBuffer.cpp
  Context.cpp
  CsResource.cpp
  Material.cpp
  Progress.cpp
  Render2D.cpp
  Renderer.cpp
  Shader.cpp
  Texture.cpp
  D3D.cpp
  Gui.cpp
  Keyboard.cpp
  Mouse.cpp
  Time.cpp
  Widget.cpp
  Window.cpp
  BinaryFile.cpp
  Math.cpp
  Path.cpp
  String.cpp
  Xml.cpp
  Camera.cpp
  Fixity.cpp
  Freedom.cpp
  Frustum.cpp
  Perspective.cpp
  Projector.cpp
  RenderTargetView.cpp
  Viewport.cpp
  Model.cpp
  ModelAnimInstance.cpp
  ModelBone.cpp
  ModelClip.cpp
  ModelInstance.cpp
  ModelMesh.cpp
  ModelMeshPart.cpp
  ModelReader.cpp
  Framework.vcxproj -> C:\DirectX\059_Projection_Texture\Debug\Framework.lib
          1개 파일이 복사되었습니다.
          1개 파일이 복사되었습니다.
          1개 파일이 복사되었습니다.
          1개 파일이 복사되었습니다.
