  ModelMeshPart.cpp
  ModelReader.cpp
  CBuffer.cpp
  Context.cpp
  CsResource.cpp
  Material.cpp
  Progress.cpp
  Render2D.cpp
  Shader.cpp
  Texture.cpp
  D3D.cpp
  Gui.cpp
  Keyboard.cpp
  Mouse.cpp
  Time.cpp
  Widget.cpp
  Window.cpp
  BinaryFile.cpp
  Math.cpp
  Path.cpp
  String.cpp
  Xml.cpp
  Camera.cpp
  DepthStencilView.cpp
  Fixity.cpp
  Freedom.cpp
  Frustum.cpp
  Perspective.cpp
  RenderTargetView.cpp
  Viewport.cpp
  Framework.vcxproj -> C:\Users\utm97\Desktop\DirectX\054_AnimationInstancing\Debug\Framework.lib
          1개 파일이 복사되었습니다.
          1개 파일이 복사되었습니다.
